2024-07-12T13:15:29.789+03:00  INFO 9923 --- [ElectronicsStore] [main] r.g.e.ElectronicsStoreApplication        : Starting ElectronicsStoreApplication using Java 17.0.6 with PID 9923 (/home/boris/GB/Diplom/ElectronicsStore/target/classes started by boris in /home/boris/GB/Diplom/ElectronicsStore)
2024-07-12T13:15:29.792+03:00  INFO 9923 --- [ElectronicsStore] [main] r.g.e.ElectronicsStoreApplication        : No active profile set, falling back to 1 default profile: "default"
2024-07-12T13:15:30.404+03:00  INFO 9923 --- [ElectronicsStore] [main] .s.d.r.c.RepositoryConfigurationDelegate : Bootstrapping Spring Data JPA repositories in DEFAULT mode.
2024-07-12T13:15:30.461+03:00  INFO 9923 --- [ElectronicsStore] [main] .s.d.r.c.RepositoryConfigurationDelegate : Finished Spring Data repository scanning in 51 ms. Found 4 JPA repository interfaces.
2024-07-12T13:15:31.087+03:00  INFO 9923 --- [ElectronicsStore] [main] o.s.b.w.embedded.tomcat.TomcatWebServer  : Tomcat initialized with port 8000 (http)
2024-07-12T13:15:31.096+03:00  INFO 9923 --- [ElectronicsStore] [main] o.apache.catalina.core.StandardService   : Starting service [Tomcat]
2024-07-12T13:15:31.097+03:00  INFO 9923 --- [ElectronicsStore] [main] o.apache.catalina.core.StandardEngine    : Starting Servlet engine: [Apache Tomcat/10.1.25]
2024-07-12T13:15:31.136+03:00  INFO 9923 --- [ElectronicsStore] [main] o.a.c.c.C.[Tomcat].[localhost].[/]       : Initializing Spring embedded WebApplicationContext
2024-07-12T13:15:31.137+03:00  INFO 9923 --- [ElectronicsStore] [main] w.s.c.ServletWebServerApplicationContext : Root WebApplicationContext: initialization completed in 1307 ms
2024-07-12T13:15:31.304+03:00  INFO 9923 --- [ElectronicsStore] [main] o.hibernate.jpa.internal.util.LogHelper  : HHH000204: Processing PersistenceUnitInfo [name: default]
2024-07-12T13:15:31.343+03:00  INFO 9923 --- [ElectronicsStore] [main] org.hibernate.Version                    : HHH000412: Hibernate ORM core version 6.5.2.Final
2024-07-12T13:15:31.368+03:00  INFO 9923 --- [ElectronicsStore] [main] o.h.c.internal.RegionFactoryInitiator    : HHH000026: Second-level cache disabled
2024-07-12T13:15:31.615+03:00  INFO 9923 --- [ElectronicsStore] [main] o.s.o.j.p.SpringPersistenceUnitInfo      : No LoadTimeWeaver setup: ignoring JPA class transformer
2024-07-12T13:15:31.634+03:00  INFO 9923 --- [ElectronicsStore] [main] com.zaxxer.hikari.HikariDataSource       : HikariPool-1 - Starting...
2024-07-12T13:15:31.887+03:00  INFO 9923 --- [ElectronicsStore] [main] com.zaxxer.hikari.pool.HikariPool        : HikariPool-1 - Added connection com.mysql.cj.jdbc.ConnectionImpl@38cf4497
2024-07-12T13:15:31.889+03:00  INFO 9923 --- [ElectronicsStore] [main] com.zaxxer.hikari.HikariDataSource       : HikariPool-1 - Start completed.
2024-07-12T13:15:32.656+03:00  INFO 9923 --- [ElectronicsStore] [main] o.h.e.t.j.p.i.JtaPlatformInitiator       : HHH000489: No JTA platform available (set 'hibernate.transaction.jta.platform' to enable JTA platform integration)
2024-07-12T13:15:32.751+03:00  INFO 9923 --- [ElectronicsStore] [main] j.LocalContainerEntityManagerFactoryBean : Initialized JPA EntityManagerFactory for persistence unit 'default'
2024-07-12T13:15:33.246+03:00  WARN 9923 --- [ElectronicsStore] [main] JpaBaseConfiguration$JpaWebConfiguration : spring.jpa.open-in-view is enabled by default. Therefore, database queries may be performed during view rendering. Explicitly configure spring.jpa.open-in-view to disable this warning
2024-07-12T13:15:33.294+03:00  INFO 9923 --- [ElectronicsStore] [main] eAuthenticationProviderManagerConfigurer : Global AuthenticationManager configured with AuthenticationProvider bean with name authenticationProvider
2024-07-12T13:15:33.294+03:00  WARN 9923 --- [ElectronicsStore] [main] r$InitializeUserDetailsManagerConfigurer : Global AuthenticationManager configured with an AuthenticationProvider bean. UserDetailsService beans will not be used for username/password login. Consider removing the AuthenticationProvider bean. Alternatively, consider using the UserDetailsService in a manually instantiated DaoAuthenticationProvider.
2024-07-12T13:15:34.005+03:00  INFO 9923 --- [ElectronicsStore] [main] o.s.b.w.embedded.tomcat.TomcatWebServer  : Tomcat started on port 8000 (http) with context path '/'
2024-07-12T13:15:34.015+03:00  INFO 9923 --- [ElectronicsStore] [main] r.g.e.ElectronicsStoreApplication        : Started ElectronicsStoreApplication in 4.688 seconds (process running for 5.158)
2024-07-12T13:15:49.085+03:00  INFO 9923 --- [ElectronicsStore] [http-nio-8000-exec-1] o.a.c.c.C.[Tomcat].[localhost].[/]       : Initializing Spring DispatcherServlet 'dispatcherServlet'
2024-07-12T13:15:49.085+03:00  INFO 9923 --- [ElectronicsStore] [http-nio-8000-exec-1] o.s.web.servlet.DispatcherServlet        : Initializing Servlet 'dispatcherServlet'
2024-07-12T13:15:49.087+03:00  INFO 9923 --- [ElectronicsStore] [http-nio-8000-exec-1] o.s.web.servlet.DispatcherServlet        : Completed initialization in 1 ms
2024-07-12T13:15:49.237+03:00  INFO 9923 --- [ElectronicsStore] [http-nio-8000-exec-1] r.g.e.aspect.LoggingAspect               : user: anonymousUser, ip: 0:0:0:0:0:0:0:1, address: /products, request: GET, class: ProductController, method: getActiveProductsByText, return: products.html
2024-07-12T13:15:51.145+03:00  INFO 9923 --- [ElectronicsStore] [http-nio-8000-exec-10] r.g.e.aspect.LoggingAspect               : user: anonymousUser, ip: 0:0:0:0:0:0:0:1, address: /auth, request: GET, class: UserController, method: getLoginPage, return: auth.html
2024-07-12T13:15:55.372+03:00  INFO 9923 --- [ElectronicsStore] [http-nio-8000-exec-8] r.g.e.aspect.LoggingAspect               : user: a@a.a, ip: 0:0:0:0:0:0:0:1, address: /products, request: GET, class: AdminProductController, method: getAllProducts, return: admin/products.html
2024-07-12T13:15:57.708+03:00  INFO 9923 --- [ElectronicsStore] [http-nio-8000-exec-1] r.g.e.aspect.LoggingAspect               : user: a@a.a, ip: 0:0:0:0:0:0:0:1, address: /products, request: GET, class: ProductController, method: getActiveProductsByText, return: products.html
2024-07-12T13:15:59.248+03:00  INFO 9923 --- [ElectronicsStore] [http-nio-8000-exec-2] r.g.e.aspect.LoggingAspect               : user: a@a.a, ip: 0:0:0:0:0:0:0:1, address: /products, request: GET, class: ProductController, method: getActiveProductsByText, return: products.html
2024-07-12T13:16:02.447+03:00  INFO 9923 --- [ElectronicsStore] [http-nio-8000-exec-7] r.g.e.aspect.LoggingAspect               : user: a@a.a, ip: 0:0:0:0:0:0:0:1, address: /cart, request: GET, class: ProductController, method: getProductsByIds, return: cart.html
2024-07-12T13:16:02.640+03:00  INFO 9923 --- [ElectronicsStore] [http-nio-8000-exec-1] r.g.e.aspect.LoggingAspect               : user: a@a.a, ip: 0:0:0:0:0:0:0:1, address: /products, request: POST, class: ApiController, method: getProductsByIds, return: <200 OK OK>
2024-07-12T13:16:05.288+03:00  INFO 9923 --- [ElectronicsStore] [http-nio-8000-exec-3] r.g.e.aspect.LoggingAspect               : user: a@a.a, ip: 0:0:0:0:0:0:0:1, address: /order, request: POST, class: ApiController, method: makeNewOrder, return: <200 OK OK>
2024-07-12T13:16:05.359+03:00  INFO 9923 --- [ElectronicsStore] [http-nio-8000-exec-10] r.g.e.aspect.LoggingAspect               : user: a@a.a, ip: 0:0:0:0:0:0:0:1, address: /cart/order, request: GET, class: OrderController, method: displayCurrentOrder, return: order.html
2024-07-12T13:16:07.422+03:00  INFO 9923 --- [ElectronicsStore] [http-nio-8000-exec-1] r.g.e.aspect.LoggingAspect               : user: a@a.a, ip: 0:0:0:0:0:0:0:1, address: /payment, request: POST, class: ApiController, method: makePayment, return: <200 OK OK,3402725>
2024-07-12T13:16:07.476+03:00  INFO 9923 --- [ElectronicsStore] [http-nio-8000-exec-7] r.g.e.aspect.LoggingAspect               : user: a@a.a, ip: 0:0:0:0:0:0:0:1, address: /cart/order, request: GET, class: OrderController, method: displayCurrentOrder, return: order.html
2024-07-12T19:55:15.922+03:00  INFO 9923 --- [ElectronicsStore] [http-nio-8000-exec-5] r.g.e.aspect.LoggingAspect               : user: anonymousUser, ip: 0:0:0:0:0:0:0:1, address: /auth, request: GET, class: UserController, method: getLoginPage, return: auth.html
2024-07-12T19:57:11.356+03:00  INFO 9923 --- [ElectronicsStore] [SpringApplicationShutdownHook] j.LocalContainerEntityManagerFactoryBean : Closing JPA EntityManagerFactory for persistence unit 'default'
2024-07-12T19:57:11.359+03:00  INFO 9923 --- [ElectronicsStore] [SpringApplicationShutdownHook] com.zaxxer.hikari.HikariDataSource       : HikariPool-1 - Shutdown initiated...
2024-07-12T19:57:11.363+03:00  INFO 9923 --- [ElectronicsStore] [SpringApplicationShutdownHook] com.zaxxer.hikari.HikariDataSource       : HikariPool-1 - Shutdown completed.
